<?xml version="1.0" encoding="UTF-8"?>
<testsuite xmlns:xsi="http://www.w3.org/2001/XMLSchema-instance" xsi:noNamespaceSchemaLocation="https://maven.apache.org/surefire/maven-surefire-plugin/xsd/surefire-test-report-3.0.xsd" version="3.0" name="com.lld.practice.questions.LibraryManagementSystemTest" time="0.078" tests="13" errors="0" skipped="0" failures="0">
  <properties>
[...]
</properties>
  <testcase name="testBorrowUnavailableBook" classname="com.lld.practice.questions.LibraryManagementSystemTest" time="0.041">
    <system-out><![CDATA[Book borrowed successfully: Effective Java
Book is not available
]]></system-out>
  </testcase>
  <testcase name="testSearchBooks" classname="com.lld.practice.questions.LibraryManagementSystemTest" time="0.006"/>
  <testcase name="testBorrowBooks" classname="com.lld.practice.questions.LibraryManagementSystemTest" time="0.001">
    <system-out><![CDATA[Book borrowed successfully: Effective Java
]]></system-out>
  </testcase>
  <testcase name="testAddBooks" classname="com.lld.practice.questions.LibraryManagementSystemTest" time="0.001"/>
  <testcase name="testReturnNotBorrowedBook" classname="com.lld.practice.questions.LibraryManagementSystemTest" time="0.0">
    <system-out><![CDATA[No active loan found for this book and user
]]></system-out>
  </testcase>
  <testcase name="testLibrarySystem" classname="com.lld.practice.questions.LibraryManagementSystemTest" time="0.001"/>
  <testcase name="testFineCalculation" classname="com.lld.practice.questions.LibraryManagementSystemTest" time="0.002"/>
  <testcase name="testNoFineForOnTimeReturn" classname="com.lld.practice.questions.LibraryManagementSystemTest" time="0.0"/>
  <testcase name="testStudentBorrowingLimit" classname="com.lld.practice.questions.LibraryManagementSystemTest" time="0.003">
    <system-out><![CDATA[Book borrowed successfully: Book 0
Book borrowed successfully: Book 1
Book borrowed successfully: Book 2
Book borrowed successfully: Book 3
Book borrowed successfully: Book 4
User has reached maximum book limit
]]></system-out>
  </testcase>
  <testcase name="testBookAvailabilityTracking" classname="com.lld.practice.questions.LibraryManagementSystemTest" time="0.002">
    <system-out><![CDATA[Book borrowed successfully: Effective Java
Book borrowed successfully: Effective Java
Book borrowed successfully: Effective Java
Book returned successfully: Effective Java
]]></system-out>
  </testcase>
  <testcase name="testBorrowNonExistentBook" classname="com.lld.practice.questions.LibraryManagementSystemTest" time="0.0">
    <system-out><![CDATA[Book not found in library
]]></system-out>
  </testcase>
  <testcase name="testConcurrentBorrowing" classname="com.lld.practice.questions.LibraryManagementSystemTest" time="0.001">
    <system-out><![CDATA[Book borrowed successfully: Effective Java
Book is not available
]]></system-out>
  </testcase>
  <testcase name="testReturnBooks" classname="com.lld.practice.questions.LibraryManagementSystemTest" time="0.001">
    <system-out><![CDATA[Book borrowed successfully: Effective Java
Book returned successfully: Effective Java
]]></system-out>
  </testcase>
</testsuite>